<?xml version="1.0" encoding="UTF-8"?>
<testsuite xmlns:xsi="http://www.w3.org/2001/XMLSchema-instance" xsi:noNamespaceSchemaLocation="https://maven.apache.org/surefire/maven-surefire-plugin/xsd/surefire-test-report-3.0.xsd" version="3.0" name="com.example.codingexercise.PackageControllerTests" time="2.152" tests="2" errors="0" skipped="0" failures="0">
  <properties>
    <property name="java.specification.version" value="18"/>
    <property name="sun.jnu.encoding" value="UTF-8"/>
    <property name="java.class.path" value="/Users/adeolaoladeinde/Projects/Jagex/codingexercise/target/test-classes:/Users/adeolaoladeinde/Projects/Jagex/codingexercise/target/classes:/Users/adeolaoladeinde/.m2/repository/org/springframework/boot/spring-boot-starter-web/3.1.0/spring-boot-starter-web-3.1.0.jar:/Users/adeolaoladeinde/.m2/repository/org/springframework/boot/spring-boot-starter/3.1.0/spring-boot-starter-3.1.0.jar:/Users/adeolaoladeinde/.m2/repository/org/springframework/boot/spring-boot/3.1.0/spring-boot-3.1.0.jar:/Users/adeolaoladeinde/.m2/repository/org/springframework/boot/spring-boot-autoconfigure/3.1.0/spring-boot-autoconfigure-3.1.0.jar:/Users/adeolaoladeinde/.m2/repository/org/springframework/boot/spring-boot-starter-logging/3.1.0/spring-boot-starter-logging-3.1.0.jar:/Users/adeolaoladeinde/.m2/repository/ch/qos/logback/logback-classic/1.4.7/logback-classic-1.4.7.jar:/Users/adeolaoladeinde/.m2/repository/ch/qos/logback/logback-core/1.4.7/logback-core-1.4.7.jar:/Users/adeolaoladeinde/.m2/repository/org/apache/logging/log4j/log4j-to-slf4j/2.20.0/log4j-to-slf4j-2.20.0.jar:/Users/adeolaoladeinde/.m2/repository/org/apache/logging/log4j/log4j-api/2.20.0/log4j-api-2.20.0.jar:/Users/adeolaoladeinde/.m2/repository/org/slf4j/jul-to-slf4j/2.0.7/jul-to-slf4j-2.0.7.jar:/Users/adeolaoladeinde/.m2/repository/jakarta/annotation/jakarta.annotation-api/2.1.1/jakarta.annotation-api-2.1.1.jar:/Users/adeolaoladeinde/.m2/repository/org/yaml/snakeyaml/1.33/snakeyaml-1.33.jar:/Users/adeolaoladeinde/.m2/repository/org/springframework/boot/spring-boot-starter-json/3.1.0/spring-boot-starter-json-3.1.0.jar:/Users/adeolaoladeinde/.m2/repository/com/fasterxml/jackson/core/jackson-databind/2.15.0/jackson-databind-2.15.0.jar:/Users/adeolaoladeinde/.m2/repository/com/fasterxml/jackson/core/jackson-annotations/2.15.0/jackson-annotations-2.15.0.jar:/Users/adeolaoladeinde/.m2/repository/com/fasterxml/jackson/core/jackson-core/2.15.0/jackson-core-2.15.0.jar:/Users/adeolaoladeinde/.m2/repository/com/fasterxml/jackson/datatype/jackson-datatype-jdk8/2.15.0/jackson-datatype-jdk8-2.15.0.jar:/Users/adeolaoladeinde/.m2/repository/com/fasterxml/jackson/datatype/jackson-datatype-jsr310/2.15.0/jackson-datatype-jsr310-2.15.0.jar:/Users/adeolaoladeinde/.m2/repository/com/fasterxml/jackson/module/jackson-module-parameter-names/2.15.0/jackson-module-parameter-names-2.15.0.jar:/Users/adeolaoladeinde/.m2/repository/org/springframework/boot/spring-boot-starter-tomcat/3.1.0/spring-boot-starter-tomcat-3.1.0.jar:/Users/adeolaoladeinde/.m2/repository/org/apache/tomcat/embed/tomcat-embed-core/10.1.8/tomcat-embed-core-10.1.8.jar:/Users/adeolaoladeinde/.m2/repository/org/apache/tomcat/embed/tomcat-embed-websocket/10.1.8/tomcat-embed-websocket-10.1.8.jar:/Users/adeolaoladeinde/.m2/repository/org/springframework/spring-web/6.0.9/spring-web-6.0.9.jar:/Users/adeolaoladeinde/.m2/repository/org/springframework/spring-beans/6.0.9/spring-beans-6.0.9.jar:/Users/adeolaoladeinde/.m2/repository/io/micrometer/micrometer-observation/1.11.0/micrometer-observation-1.11.0.jar:/Users/adeolaoladeinde/.m2/repository/io/micrometer/micrometer-commons/1.11.0/micrometer-commons-1.11.0.jar:/Users/adeolaoladeinde/.m2/repository/org/springframework/spring-webmvc/6.0.9/spring-webmvc-6.0.9.jar:/Users/adeolaoladeinde/.m2/repository/org/springframework/spring-aop/6.0.9/spring-aop-6.0.9.jar:/Users/adeolaoladeinde/.m2/repository/org/springframework/spring-context/6.0.9/spring-context-6.0.9.jar:/Users/adeolaoladeinde/.m2/repository/org/springframework/spring-expression/6.0.9/spring-expression-6.0.9.jar:/Users/adeolaoladeinde/.m2/repository/javax/validation/validation-api/2.0.1.Final/validation-api-2.0.1.Final.jar:/Users/adeolaoladeinde/.m2/repository/org/springframework/boot/spring-boot-starter-validation/3.1.0/spring-boot-starter-validation-3.1.0.jar:/Users/adeolaoladeinde/.m2/repository/org/apache/tomcat/embed/tomcat-embed-el/10.1.8/tomcat-embed-el-10.1.8.jar:/Users/adeolaoladeinde/.m2/repository/org/hibernate/validator/hibernate-validator/8.0.0.Final/hibernate-validator-8.0.0.Final.jar:/Users/adeolaoladeinde/.m2/repository/jakarta/validation/jakarta.validation-api/3.0.2/jakarta.validation-api-3.0.2.jar:/Users/adeolaoladeinde/.m2/repository/org/jboss/logging/jboss-logging/3.5.0.Final/jboss-logging-3.5.0.Final.jar:/Users/adeolaoladeinde/.m2/repository/com/fasterxml/classmate/1.5.1/classmate-1.5.1.jar:/Users/adeolaoladeinde/.m2/repository/org/springframework/boot/spring-boot-starter-test/3.1.0/spring-boot-starter-test-3.1.0.jar:/Users/adeolaoladeinde/.m2/repository/org/springframework/boot/spring-boot-test/3.1.0/spring-boot-test-3.1.0.jar:/Users/adeolaoladeinde/.m2/repository/org/springframework/boot/spring-boot-test-autoconfigure/3.1.0/spring-boot-test-autoconfigure-3.1.0.jar:/Users/adeolaoladeinde/.m2/repository/com/jayway/jsonpath/json-path/2.8.0/json-path-2.8.0.jar:/Users/adeolaoladeinde/.m2/repository/org/slf4j/slf4j-api/2.0.7/slf4j-api-2.0.7.jar:/Users/adeolaoladeinde/.m2/repository/jakarta/xml/bind/jakarta.xml.bind-api/4.0.0/jakarta.xml.bind-api-4.0.0.jar:/Users/adeolaoladeinde/.m2/repository/jakarta/activation/jakarta.activation-api/2.1.2/jakarta.activation-api-2.1.2.jar:/Users/adeolaoladeinde/.m2/repository/net/minidev/json-smart/2.4.10/json-smart-2.4.10.jar:/Users/adeolaoladeinde/.m2/repository/net/minidev/accessors-smart/2.4.9/accessors-smart-2.4.9.jar:/Users/adeolaoladeinde/.m2/repository/org/ow2/asm/asm/9.3/asm-9.3.jar:/Users/adeolaoladeinde/.m2/repository/org/assertj/assertj-core/3.24.2/assertj-core-3.24.2.jar:/Users/adeolaoladeinde/.m2/repository/net/bytebuddy/byte-buddy/1.14.4/byte-buddy-1.14.4.jar:/Users/adeolaoladeinde/.m2/repository/org/hamcrest/hamcrest/2.2/hamcrest-2.2.jar:/Users/adeolaoladeinde/.m2/repository/org/junit/jupiter/junit-jupiter/5.9.3/junit-jupiter-5.9.3.jar:/Users/adeolaoladeinde/.m2/repository/org/junit/jupiter/junit-jupiter-api/5.9.3/junit-jupiter-api-5.9.3.jar:/Users/adeolaoladeinde/.m2/repository/org/opentest4j/opentest4j/1.2.0/opentest4j-1.2.0.jar:/Users/adeolaoladeinde/.m2/repository/org/junit/platform/junit-platform-commons/1.9.3/junit-platform-commons-1.9.3.jar:/Users/adeolaoladeinde/.m2/repository/org/apiguardian/apiguardian-api/1.1.2/apiguardian-api-1.1.2.jar:/Users/adeolaoladeinde/.m2/repository/org/junit/jupiter/junit-jupiter-params/5.9.3/junit-jupiter-params-5.9.3.jar:/Users/adeolaoladeinde/.m2/repository/org/junit/jupiter/junit-jupiter-engine/5.9.3/junit-jupiter-engine-5.9.3.jar:/Users/adeolaoladeinde/.m2/repository/org/junit/platform/junit-platform-engine/1.9.3/junit-platform-engine-1.9.3.jar:/Users/adeolaoladeinde/.m2/repository/org/mockito/mockito-core/5.3.1/mockito-core-5.3.1.jar:/Users/adeolaoladeinde/.m2/repository/net/bytebuddy/byte-buddy-agent/1.14.4/byte-buddy-agent-1.14.4.jar:/Users/adeolaoladeinde/.m2/repository/org/objenesis/objenesis/3.3/objenesis-3.3.jar:/Users/adeolaoladeinde/.m2/repository/org/mockito/mockito-junit-jupiter/5.3.1/mockito-junit-jupiter-5.3.1.jar:/Users/adeolaoladeinde/.m2/repository/org/skyscreamer/jsonassert/1.5.1/jsonassert-1.5.1.jar:/Users/adeolaoladeinde/.m2/repository/com/vaadin/external/google/android-json/0.0.20131108.vaadin1/android-json-0.0.20131108.vaadin1.jar:/Users/adeolaoladeinde/.m2/repository/org/springframework/spring-core/6.0.9/spring-core-6.0.9.jar:/Users/adeolaoladeinde/.m2/repository/org/springframework/spring-jcl/6.0.9/spring-jcl-6.0.9.jar:/Users/adeolaoladeinde/.m2/repository/org/springframework/spring-test/6.0.9/spring-test-6.0.9.jar:/Users/adeolaoladeinde/.m2/repository/org/xmlunit/xmlunit-core/2.9.1/xmlunit-core-2.9.1.jar:"/>
    <property name="java.vm.vendor" value="Homebrew"/>
    <property name="sun.arch.data.model" value="64"/>
    <property name="catalina.useNaming" value="false"/>
    <property name="java.vendor.url" value="https://github.com/Homebrew/homebrew-core/issues"/>
    <property name="user.timezone" value="Europe/London"/>
    <property name="org.jboss.logging.provider" value="slf4j"/>
    <property name="os.name" value="Mac OS X"/>
    <property name="java.vm.specification.version" value="18"/>
    <property name="sun.java.launcher" value="SUN_STANDARD"/>
    <property name="user.country" value="GB"/>
    <property name="sun.boot.library.path" value="/opt/homebrew/Cellar/openjdk/18.0.1.1/libexec/openjdk.jdk/Contents/Home/lib"/>
    <property name="sun.java.command" value="/Users/adeolaoladeinde/Projects/Jagex/codingexercise/target/surefire/surefirebooter-20230702164916565_3.jar /Users/adeolaoladeinde/Projects/Jagex/codingexercise/target/surefire 2023-07-02T16-49-16_509-jvmRun1 surefire-20230702164916565_1tmp surefire_0-20230702164916565_2tmp"/>
    <property name="http.nonProxyHosts" value="local|*.local|169.254/16|*.169.254/16"/>
    <property name="jdk.debug" value="release"/>
    <property name="surefire.test.class.path" value="/Users/adeolaoladeinde/Projects/Jagex/codingexercise/target/test-classes:/Users/adeolaoladeinde/Projects/Jagex/codingexercise/target/classes:/Users/adeolaoladeinde/.m2/repository/org/springframework/boot/spring-boot-starter-web/3.1.0/spring-boot-starter-web-3.1.0.jar:/Users/adeolaoladeinde/.m2/repository/org/springframework/boot/spring-boot-starter/3.1.0/spring-boot-starter-3.1.0.jar:/Users/adeolaoladeinde/.m2/repository/org/springframework/boot/spring-boot/3.1.0/spring-boot-3.1.0.jar:/Users/adeolaoladeinde/.m2/repository/org/springframework/boot/spring-boot-autoconfigure/3.1.0/spring-boot-autoconfigure-3.1.0.jar:/Users/adeolaoladeinde/.m2/repository/org/springframework/boot/spring-boot-starter-logging/3.1.0/spring-boot-starter-logging-3.1.0.jar:/Users/adeolaoladeinde/.m2/repository/ch/qos/logback/logback-classic/1.4.7/logback-classic-1.4.7.jar:/Users/adeolaoladeinde/.m2/repository/ch/qos/logback/logback-core/1.4.7/logback-core-1.4.7.jar:/Users/adeolaoladeinde/.m2/repository/org/apache/logging/log4j/log4j-to-slf4j/2.20.0/log4j-to-slf4j-2.20.0.jar:/Users/adeolaoladeinde/.m2/repository/org/apache/logging/log4j/log4j-api/2.20.0/log4j-api-2.20.0.jar:/Users/adeolaoladeinde/.m2/repository/org/slf4j/jul-to-slf4j/2.0.7/jul-to-slf4j-2.0.7.jar:/Users/adeolaoladeinde/.m2/repository/jakarta/annotation/jakarta.annotation-api/2.1.1/jakarta.annotation-api-2.1.1.jar:/Users/adeolaoladeinde/.m2/repository/org/yaml/snakeyaml/1.33/snakeyaml-1.33.jar:/Users/adeolaoladeinde/.m2/repository/org/springframework/boot/spring-boot-starter-json/3.1.0/spring-boot-starter-json-3.1.0.jar:/Users/adeolaoladeinde/.m2/repository/com/fasterxml/jackson/core/jackson-databind/2.15.0/jackson-databind-2.15.0.jar:/Users/adeolaoladeinde/.m2/repository/com/fasterxml/jackson/core/jackson-annotations/2.15.0/jackson-annotations-2.15.0.jar:/Users/adeolaoladeinde/.m2/repository/com/fasterxml/jackson/core/jackson-core/2.15.0/jackson-core-2.15.0.jar:/Users/adeolaoladeinde/.m2/repository/com/fasterxml/jackson/datatype/jackson-datatype-jdk8/2.15.0/jackson-datatype-jdk8-2.15.0.jar:/Users/adeolaoladeinde/.m2/repository/com/fasterxml/jackson/datatype/jackson-datatype-jsr310/2.15.0/jackson-datatype-jsr310-2.15.0.jar:/Users/adeolaoladeinde/.m2/repository/com/fasterxml/jackson/module/jackson-module-parameter-names/2.15.0/jackson-module-parameter-names-2.15.0.jar:/Users/adeolaoladeinde/.m2/repository/org/springframework/boot/spring-boot-starter-tomcat/3.1.0/spring-boot-starter-tomcat-3.1.0.jar:/Users/adeolaoladeinde/.m2/repository/org/apache/tomcat/embed/tomcat-embed-core/10.1.8/tomcat-embed-core-10.1.8.jar:/Users/adeolaoladeinde/.m2/repository/org/apache/tomcat/embed/tomcat-embed-websocket/10.1.8/tomcat-embed-websocket-10.1.8.jar:/Users/adeolaoladeinde/.m2/repository/org/springframework/spring-web/6.0.9/spring-web-6.0.9.jar:/Users/adeolaoladeinde/.m2/repository/org/springframework/spring-beans/6.0.9/spring-beans-6.0.9.jar:/Users/adeolaoladeinde/.m2/repository/io/micrometer/micrometer-observation/1.11.0/micrometer-observation-1.11.0.jar:/Users/adeolaoladeinde/.m2/repository/io/micrometer/micrometer-commons/1.11.0/micrometer-commons-1.11.0.jar:/Users/adeolaoladeinde/.m2/repository/org/springframework/spring-webmvc/6.0.9/spring-webmvc-6.0.9.jar:/Users/adeolaoladeinde/.m2/repository/org/springframework/spring-aop/6.0.9/spring-aop-6.0.9.jar:/Users/adeolaoladeinde/.m2/repository/org/springframework/spring-context/6.0.9/spring-context-6.0.9.jar:/Users/adeolaoladeinde/.m2/repository/org/springframework/spring-expression/6.0.9/spring-expression-6.0.9.jar:/Users/adeolaoladeinde/.m2/repository/javax/validation/validation-api/2.0.1.Final/validation-api-2.0.1.Final.jar:/Users/adeolaoladeinde/.m2/repository/org/springframework/boot/spring-boot-starter-validation/3.1.0/spring-boot-starter-validation-3.1.0.jar:/Users/adeolaoladeinde/.m2/repository/org/apache/tomcat/embed/tomcat-embed-el/10.1.8/tomcat-embed-el-10.1.8.jar:/Users/adeolaoladeinde/.m2/repository/org/hibernate/validator/hibernate-validator/8.0.0.Final/hibernate-validator-8.0.0.Final.jar:/Users/adeolaoladeinde/.m2/repository/jakarta/validation/jakarta.validation-api/3.0.2/jakarta.validation-api-3.0.2.jar:/Users/adeolaoladeinde/.m2/repository/org/jboss/logging/jboss-logging/3.5.0.Final/jboss-logging-3.5.0.Final.jar:/Users/adeolaoladeinde/.m2/repository/com/fasterxml/classmate/1.5.1/classmate-1.5.1.jar:/Users/adeolaoladeinde/.m2/repository/org/springframework/boot/spring-boot-starter-test/3.1.0/spring-boot-starter-test-3.1.0.jar:/Users/adeolaoladeinde/.m2/repository/org/springframework/boot/spring-boot-test/3.1.0/spring-boot-test-3.1.0.jar:/Users/adeolaoladeinde/.m2/repository/org/springframework/boot/spring-boot-test-autoconfigure/3.1.0/spring-boot-test-autoconfigure-3.1.0.jar:/Users/adeolaoladeinde/.m2/repository/com/jayway/jsonpath/json-path/2.8.0/json-path-2.8.0.jar:/Users/adeolaoladeinde/.m2/repository/org/slf4j/slf4j-api/2.0.7/slf4j-api-2.0.7.jar:/Users/adeolaoladeinde/.m2/repository/jakarta/xml/bind/jakarta.xml.bind-api/4.0.0/jakarta.xml.bind-api-4.0.0.jar:/Users/adeolaoladeinde/.m2/repository/jakarta/activation/jakarta.activation-api/2.1.2/jakarta.activation-api-2.1.2.jar:/Users/adeolaoladeinde/.m2/repository/net/minidev/json-smart/2.4.10/json-smart-2.4.10.jar:/Users/adeolaoladeinde/.m2/repository/net/minidev/accessors-smart/2.4.9/accessors-smart-2.4.9.jar:/Users/adeolaoladeinde/.m2/repository/org/ow2/asm/asm/9.3/asm-9.3.jar:/Users/adeolaoladeinde/.m2/repository/org/assertj/assertj-core/3.24.2/assertj-core-3.24.2.jar:/Users/adeolaoladeinde/.m2/repository/net/bytebuddy/byte-buddy/1.14.4/byte-buddy-1.14.4.jar:/Users/adeolaoladeinde/.m2/repository/org/hamcrest/hamcrest/2.2/hamcrest-2.2.jar:/Users/adeolaoladeinde/.m2/repository/org/junit/jupiter/junit-jupiter/5.9.3/junit-jupiter-5.9.3.jar:/Users/adeolaoladeinde/.m2/repository/org/junit/jupiter/junit-jupiter-api/5.9.3/junit-jupiter-api-5.9.3.jar:/Users/adeolaoladeinde/.m2/repository/org/opentest4j/opentest4j/1.2.0/opentest4j-1.2.0.jar:/Users/adeolaoladeinde/.m2/repository/org/junit/platform/junit-platform-commons/1.9.3/junit-platform-commons-1.9.3.jar:/Users/adeolaoladeinde/.m2/repository/org/apiguardian/apiguardian-api/1.1.2/apiguardian-api-1.1.2.jar:/Users/adeolaoladeinde/.m2/repository/org/junit/jupiter/junit-jupiter-params/5.9.3/junit-jupiter-params-5.9.3.jar:/Users/adeolaoladeinde/.m2/repository/org/junit/jupiter/junit-jupiter-engine/5.9.3/junit-jupiter-engine-5.9.3.jar:/Users/adeolaoladeinde/.m2/repository/org/junit/platform/junit-platform-engine/1.9.3/junit-platform-engine-1.9.3.jar:/Users/adeolaoladeinde/.m2/repository/org/mockito/mockito-core/5.3.1/mockito-core-5.3.1.jar:/Users/adeolaoladeinde/.m2/repository/net/bytebuddy/byte-buddy-agent/1.14.4/byte-buddy-agent-1.14.4.jar:/Users/adeolaoladeinde/.m2/repository/org/objenesis/objenesis/3.3/objenesis-3.3.jar:/Users/adeolaoladeinde/.m2/repository/org/mockito/mockito-junit-jupiter/5.3.1/mockito-junit-jupiter-5.3.1.jar:/Users/adeolaoladeinde/.m2/repository/org/skyscreamer/jsonassert/1.5.1/jsonassert-1.5.1.jar:/Users/adeolaoladeinde/.m2/repository/com/vaadin/external/google/android-json/0.0.20131108.vaadin1/android-json-0.0.20131108.vaadin1.jar:/Users/adeolaoladeinde/.m2/repository/org/springframework/spring-core/6.0.9/spring-core-6.0.9.jar:/Users/adeolaoladeinde/.m2/repository/org/springframework/spring-jcl/6.0.9/spring-jcl-6.0.9.jar:/Users/adeolaoladeinde/.m2/repository/org/springframework/spring-test/6.0.9/spring-test-6.0.9.jar:/Users/adeolaoladeinde/.m2/repository/org/xmlunit/xmlunit-core/2.9.1/xmlunit-core-2.9.1.jar:"/>
    <property name="sun.cpu.endian" value="little"/>
    <property name="user.home" value="/Users/adeolaoladeinde"/>
    <property name="user.language" value="en"/>
    <property name="java.specification.vendor" value="Oracle Corporation"/>
    <property name="java.version.date" value="2022-04-22"/>
    <property name="java.home" value="/opt/homebrew/Cellar/openjdk/18.0.1.1/libexec/openjdk.jdk/Contents/Home"/>
    <property name="file.separator" value="/"/>
    <property name="basedir" value="/Users/adeolaoladeinde/Projects/Jagex/codingexercise"/>
    <property name="java.vm.compressedOopsMode" value="Zero based"/>
    <property name="line.separator" value="&#10;"/>
    <property name="java.vm.specification.vendor" value="Oracle Corporation"/>
    <property name="java.specification.name" value="Java Platform API Specification"/>
    <property name="FILE_LOG_CHARSET" value="UTF-8"/>
    <property name="java.awt.headless" value="true"/>
    <property name="apple.awt.application.name" value="ForkedBooter"/>
    <property name="surefire.real.class.path" value="/Users/adeolaoladeinde/Projects/Jagex/codingexercise/target/surefire/surefirebooter-20230702164916565_3.jar"/>
    <property name="sun.management.compiler" value="HotSpot 64-Bit Tiered Compilers"/>
    <property name="ftp.nonProxyHosts" value="local|*.local|169.254/16|*.169.254/16"/>
    <property name="java.runtime.version" value="18.0.1.1+0"/>
    <property name="user.name" value="adeolaoladeinde"/>
    <property name="path.separator" value=":"/>
    <property name="os.version" value="13.2.1"/>
    <property name="java.runtime.name" value="OpenJDK Runtime Environment"/>
    <property name="file.encoding" value="UTF-8"/>
    <property name="java.vm.name" value="OpenJDK 64-Bit Server VM"/>
    <property name="java.vendor.version" value="Homebrew"/>
    <property name="localRepository" value="/Users/adeolaoladeinde/.m2/repository"/>
    <property name="java.vendor.url.bug" value="https://github.com/Homebrew/homebrew-core/issues"/>
    <property name="java.io.tmpdir" value="/var/folders/my/708zqxk90_5dy34_d_t1tpb40000gn/T/"/>
    <property name="catalina.home" value="/private/var/folders/my/708zqxk90_5dy34_d_t1tpb40000gn/T/tomcat.0.1779954796920243844"/>
    <property name="java.version" value="18.0.1.1"/>
    <property name="user.dir" value="/Users/adeolaoladeinde/Projects/Jagex/codingexercise"/>
    <property name="os.arch" value="aarch64"/>
    <property name="java.vm.specification.name" value="Java Virtual Machine Specification"/>
    <property name="PID" value="19098"/>
    <property name="CONSOLE_LOG_CHARSET" value="UTF-8"/>
    <property name="catalina.base" value="/private/var/folders/my/708zqxk90_5dy34_d_t1tpb40000gn/T/tomcat.0.1779954796920243844"/>
    <property name="native.encoding" value="UTF-8"/>
    <property name="java.library.path" value="/Users/adeolaoladeinde/Library/Java/Extensions:/Library/Java/Extensions:/Network/Library/Java/Extensions:/System/Library/Java/Extensions:/usr/lib/java:."/>
    <property name="java.vm.info" value="mixed mode, sharing"/>
    <property name="java.vendor" value="Homebrew"/>
    <property name="java.vm.version" value="18.0.1.1+0"/>
    <property name="sun.io.unicode.encoding" value="UnicodeBig"/>
    <property name="socksNonProxyHosts" value="local|*.local|169.254/16|*.169.254/16"/>
    <property name="java.class.version" value="62.0"/>
  </properties>
  <testcase name="createPackage" classname="com.example.codingexercise.PackageControllerTests" time="0.827">
    <system-out><![CDATA[16:49:16.937 [main] INFO org.springframework.test.context.support.AnnotationConfigContextLoaderUtils -- Could not detect default configuration classes for test class [com.example.codingexercise.PackageControllerTests]: PackageControllerTests does not declare any static, non-private, non-final, nested classes annotated with @Configuration.
16:49:16.982 [main] INFO org.springframework.boot.test.context.SpringBootTestContextBootstrapper -- Found @SpringBootConfiguration com.example.codingexercise.CodingExerciseApplication for test class com.example.codingexercise.PackageControllerTests

  .   ____          _            __ _ _
 /\\ / ___'_ __ _ _(_)_ __  __ _ \ \ \ \
( ( )\___ | '_ | '_| | '_ \/ _` | \ \ \ \
 \\/  ___)| |_)| | | | | || (_| |  ) ) ) )
  '  |____| .__|_| |_|_| |_\__, | / / / /
 =========|_|==============|___/=/_/_/_/
 :: Spring Boot ::                (v3.1.0)

2023-07-02T16:49:17.153+01:00  INFO 19098 --- [           main] c.e.c.PackageControllerTests             : Starting PackageControllerTests using Java 18.0.1.1 with PID 19098 (started by adeolaoladeinde in /Users/adeolaoladeinde/Projects/Jagex/codingexercise)
2023-07-02T16:49:17.154+01:00  INFO 19098 --- [           main] c.e.c.PackageControllerTests             : No active profile set, falling back to 1 default profile: "default"
2023-07-02T16:49:17.609+01:00  INFO 19098 --- [           main] o.s.b.w.embedded.tomcat.TomcatWebServer  : Tomcat initialized with port(s): 0 (http)
2023-07-02T16:49:17.616+01:00  INFO 19098 --- [           main] o.apache.catalina.core.StandardService   : Starting service [Tomcat]
2023-07-02T16:49:17.616+01:00  INFO 19098 --- [           main] o.apache.catalina.core.StandardEngine    : Starting Servlet engine: [Apache Tomcat/10.1.8]
2023-07-02T16:49:17.667+01:00  INFO 19098 --- [           main] o.a.c.c.C.[Tomcat].[localhost].[/]       : Initializing Spring embedded WebApplicationContext
2023-07-02T16:49:17.668+01:00  INFO 19098 --- [           main] w.s.c.ServletWebServerApplicationContext : Root WebApplicationContext: initialization completed in 503 ms
2023-07-02T16:49:17.834+01:00  INFO 19098 --- [           main] o.s.b.w.embedded.tomcat.TomcatWebServer  : Tomcat started on port(s): 60095 (http) with context path ''
2023-07-02T16:49:17.838+01:00  INFO 19098 --- [           main] c.e.c.PackageControllerTests             : Started PackageControllerTests in 0.801 seconds (process running for 1.218)
2023-07-02T16:49:18.282+01:00  INFO 19098 --- [pool-3-thread-1] c.e.c.gateway.CurrencyConverterGateway   : Request to: https://product-service.herokuapp.com/api/v1/products/VqKb4tyj9V6i
The future operation took 375 ms
]]></system-out>
  </testcase>
  <testcase name="updatePackage" classname="com.example.codingexercise.PackageControllerTests" time="0.328">
    <system-out><![CDATA[2023-07-02T16:49:18.672+01:00  INFO 19098 --- [pool-4-thread-1] c.e.c.gateway.CurrencyConverterGateway   : Request to: https://product-service.herokuapp.com/api/v1/products/VqKb4tyj9V6i
The future operation took 105 ms
2023-07-02T16:49:18.776+01:00  INFO 19098 --- [           main] c.e.c.gateway.CurrencyConverterGateway   : Request to: https://api.frankfurter.app/latest?amount=1149.0&from=USD&to=EUR
2023-07-02T16:49:18.898+01:00  INFO 19098 --- [pool-5-thread-1] c.e.c.gateway.CurrencyConverterGateway   : Request to: https://product-service.herokuapp.com/api/v1/products/VqKb4tyj9V6i
The future operation took 99 ms
]]></system-out>
  </testcase>
</testsuite>